[0.029s] Invoking command in '/home/stef/RCAP/mpu9250/build/mpu9250driver': CMAKE_PREFIX_PATH=${CMAKE_PREFIX_PATH}:/opt/ros/galactic /usr/bin/cmake --build /home/stef/RCAP/mpu9250/build/mpu9250driver -- -j4 -l4
[0.122s] [35m[1mScanning dependencies of target mpu9250sensor[0m
[0.146s] [ 16%] [32mBuilding CXX object lib/mpu9250sensor/CMakeFiles/mpu9250sensor.dir/src/mpu9250sensor.cpp.o[0m
[0.146s] [ 50%] Built target linux_i2c_communicator
[1.021s] [01m[K/home/stef/RCAP/mpu9250/lib/mpu9250sensor/src/mpu9250sensor.cpp:[m[K In constructor â€˜[01m[KMPU9250Sensor::MPU9250Sensor(std::unique_ptr<I2cCommunicator>)[m[Kâ€™:
[1.021s] [01m[K/home/stef/RCAP/mpu9250/lib/mpu9250sensor/src/mpu9250sensor.cpp:32:3:[m[K [01;31m[Kerror: [m[Kâ€˜[01m[Kmag_asax[m[Kâ€™ was not declared in this scope; did you mean â€˜[01m[Kmagn_asax[m[Kâ€™?
[1.022s]    32 |   [01;31m[Kmag_asax[m[K = (i2cBus_->read(0x10) - 128) * 0.5 / 128 + 1;
[1.022s]       |   [01;31m[K^~~~~~~~[m[K
[1.022s]       |   [32m[Kmagn_asax[m[K
[1.022s] [01m[K/home/stef/RCAP/mpu9250/lib/mpu9250sensor/src/mpu9250sensor.cpp:33:3:[m[K [01;31m[Kerror: [m[Kâ€˜[01m[Kmag_asay[m[Kâ€™ was not declared in this scope; did you mean â€˜[01m[Kmagn_asay[m[Kâ€™?
[1.023s]    33 |   [01;31m[Kmag_asay[m[K = (i2cBus_->read(0x11) - 128) * 0.5 / 128 + 1;
[1.023s]       |   [01;31m[K^~~~~~~~[m[K
[1.023s]       |   [32m[Kmagn_asay[m[K
[1.024s] [01m[K/home/stef/RCAP/mpu9250/lib/mpu9250sensor/src/mpu9250sensor.cpp:34:3:[m[K [01;31m[Kerror: [m[Kâ€˜[01m[Kmag_asaz[m[Kâ€™ was not declared in this scope; did you mean â€˜[01m[Kmagn_asaz[m[Kâ€™?
[1.024s]    34 |   [01;31m[Kmag_asaz[m[K = (i2cBus_->read(0x12) - 128) * 0.5 / 128 + 1;
[1.024s]       |   [01;31m[K^~~~~~~~[m[K
[1.024s]       |   [32m[Kmagn_asaz[m[K
[1.027s] [01m[K/home/stef/RCAP/mpu9250/lib/mpu9250sensor/src/mpu9250sensor.cpp:[m[K In member function â€˜[01m[Kdouble MPU9250Sensor::getAccelerationX() const[m[Kâ€™:
[1.027s] [01m[K/home/stef/RCAP/mpu9250/lib/mpu9250sensor/src/mpu9250sensor.cpp:74:15:[m[K [01;35m[Kwarning: [m[Kcomparison is always false due to limited range of data type [[01;35m[K-Wtype-limits[m[K]
[1.028s]    74 |   if ([01;35m[Kaccel_x > 32768[m[K)
[1.028s]       |       [01;35m[K~~~~~~~~^~~~~~~[m[K
[1.028s] [01m[K/home/stef/RCAP/mpu9250/lib/mpu9250sensor/src/mpu9250sensor.cpp:76:23:[m[K [01;31m[Kerror: [m[Kexpected â€˜[01m[K;[m[Kâ€™ before â€˜[01m[K}[m[Kâ€™ token
[1.029s]    76 |       accel_x -= 65536
[1.029s]       |                       [01;31m[K^[m[K
[1.029s]       |                       [32m[K;[m[K
[1.029s]    77 |   [32m[K}[m[K
[1.029s]       |   [32m[K~[m[K                    
[1.030s] [01m[K/home/stef/RCAP/mpu9250/lib/mpu9250sensor/src/mpu9250sensor.cpp:[m[K In member function â€˜[01m[Kdouble MPU9250Sensor::getAccelerationY() const[m[Kâ€™:
[1.030s] [01m[K/home/stef/RCAP/mpu9250/lib/mpu9250sensor/src/mpu9250sensor.cpp:89:15:[m[K [01;35m[Kwarning: [m[Kcomparison is always false due to limited range of data type [[01;35m[K-Wtype-limits[m[K]
[1.031s]    89 |   if ([01;35m[Kaccel_y > 32768[m[K)
[1.031s]       |       [01;35m[K~~~~~~~~^~~~~~~[m[K
[1.031s] [01m[K/home/stef/RCAP/mpu9250/lib/mpu9250sensor/src/mpu9250sensor.cpp:91:23:[m[K [01;31m[Kerror: [m[Kexpected â€˜[01m[K;[m[Kâ€™ before â€˜[01m[K}[m[Kâ€™ token
[1.031s]    91 |       accel_y -= 65536
[1.031s]       |                       [01;31m[K^[m[K
[1.032s]       |                       [32m[K;[m[K
[1.032s]    92 |   [32m[K}[m[K
[1.032s]       |   [32m[K~[m[K                    
[1.032s] [01m[K/home/stef/RCAP/mpu9250/lib/mpu9250sensor/src/mpu9250sensor.cpp:[m[K In member function â€˜[01m[Kdouble MPU9250Sensor::getAccelerationZ() const[m[Kâ€™:
[1.032s] [01m[K/home/stef/RCAP/mpu9250/lib/mpu9250sensor/src/mpu9250sensor.cpp:104:15:[m[K [01;35m[Kwarning: [m[Kcomparison is always false due to limited range of data type [[01;35m[K-Wtype-limits[m[K]
[1.033s]   104 |   if ([01;35m[Kaccel_z > 32768[m[K)
[1.033s]       |       [01;35m[K~~~~~~~~^~~~~~~[m[K
[1.033s] [01m[K/home/stef/RCAP/mpu9250/lib/mpu9250sensor/src/mpu9250sensor.cpp:106:23:[m[K [01;31m[Kerror: [m[Kexpected â€˜[01m[K;[m[Kâ€™ before â€˜[01m[K}[m[Kâ€™ token
[1.033s]   106 |       accel_z -= 65536
[1.034s]       |                       [01;31m[K^[m[K
[1.034s]       |                       [32m[K;[m[K
[1.034s]   107 |   [32m[K}[m[K
[1.034s]       |   [32m[K~[m[K                    
[1.035s] [01m[K/home/stef/RCAP/mpu9250/lib/mpu9250sensor/src/mpu9250sensor.cpp:[m[K In member function â€˜[01m[Kdouble MPU9250Sensor::getAngularVelocityX() const[m[Kâ€™:
[1.035s] [01m[K/home/stef/RCAP/mpu9250/lib/mpu9250sensor/src/mpu9250sensor.cpp:119:14:[m[K [01;35m[Kwarning: [m[Kcomparison is always false due to limited range of data type [[01;35m[K-Wtype-limits[m[K]
[1.035s]   119 |   if ([01;35m[Kgyro_x > 32768[m[K)
[1.035s]       |       [01;35m[K~~~~~~~^~~~~~~[m[K
[1.035s] [01m[K/home/stef/RCAP/mpu9250/lib/mpu9250sensor/src/mpu9250sensor.cpp:121:22:[m[K [01;31m[Kerror: [m[Kexpected â€˜[01m[K;[m[Kâ€™ before â€˜[01m[K}[m[Kâ€™ token
[1.036s]   121 |       gyro_x -= 65536
[1.036s]       |                      [01;31m[K^[m[K
[1.036s]       |                      [32m[K;[m[K
[1.046s]   122 |   [32m[K}[m[K
[1.047s]       |   [32m[K~[m[K                   
[1.047s] [01m[K/home/stef/RCAP/mpu9250/lib/mpu9250sensor/src/mpu9250sensor.cpp:[m[K In member function â€˜[01m[Kdouble MPU9250Sensor::getAngularVelocityY() const[m[Kâ€™:
[1.047s] [01m[K/home/stef/RCAP/mpu9250/lib/mpu9250sensor/src/mpu9250sensor.cpp:134:14:[m[K [01;35m[Kwarning: [m[Kcomparison is always false due to limited range of data type [[01;35m[K-Wtype-limits[m[K]
[1.047s]   134 |   if ([01;35m[Kgyro_y > 32768[m[K)
[1.048s]       |       [01;35m[K~~~~~~~^~~~~~~[m[K
[1.048s] [01m[K/home/stef/RCAP/mpu9250/lib/mpu9250sensor/src/mpu9250sensor.cpp:136:22:[m[K [01;31m[Kerror: [m[Kexpected â€˜[01m[K;[m[Kâ€™ before â€˜[01m[K}[m[Kâ€™ token
[1.048s]   136 |       gyro_y -= 65536
[1.048s]       |                      [01;31m[K^[m[K
[1.048s]       |                      [32m[K;[m[K
[1.049s]   137 |   [32m[K}[m[K
[1.049s]       |   [32m[K~[m[K                   
[1.049s] [01m[K/home/stef/RCAP/mpu9250/lib/mpu9250sensor/src/mpu9250sensor.cpp:[m[K In member function â€˜[01m[Kdouble MPU9250Sensor::getAngularVelocityZ() const[m[Kâ€™:
[1.049s] [01m[K/home/stef/RCAP/mpu9250/lib/mpu9250sensor/src/mpu9250sensor.cpp:149:14:[m[K [01;35m[Kwarning: [m[Kcomparison is always false due to limited range of data type [[01;35m[K-Wtype-limits[m[K]
[1.049s]   149 |   if ([01;35m[Kgyro_z > 32768[m[K)
[1.050s]       |       [01;35m[K~~~~~~~^~~~~~~[m[K
[1.050s] [01m[K/home/stef/RCAP/mpu9250/lib/mpu9250sensor/src/mpu9250sensor.cpp:151:22:[m[K [01;31m[Kerror: [m[Kexpected â€˜[01m[K;[m[Kâ€™ before â€˜[01m[K}[m[Kâ€™ token
[1.050s]   151 |       gyro_z -= 65536
[1.050s]       |                      [01;31m[K^[m[K
[1.051s]       |                      [32m[K;[m[K
[1.051s]   152 |   [32m[K}[m[K
[1.051s]       |   [32m[K~[m[K                   
[1.051s] [01m[K/home/stef/RCAP/mpu9250/lib/mpu9250sensor/src/mpu9250sensor.cpp:[m[K In member function â€˜[01m[Kdouble MPU9250Sensor::getMagneticFluxDensityX() const[m[Kâ€™:
[1.051s] [01m[K/home/stef/RCAP/mpu9250/lib/mpu9250sensor/src/mpu9250sensor.cpp:165:13:[m[K [01;35m[Kwarning: [m[Kcomparison is always false due to limited range of data type [[01;35m[K-Wtype-limits[m[K]
[1.051s]   165 |   if ([01;35m[Kmag_x > 32768[m[K)
[1.052s]       |       [01;35m[K~~~~~~^~~~~~~[m[K
[1.052s] [01m[K/home/stef/RCAP/mpu9250/lib/mpu9250sensor/src/mpu9250sensor.cpp:167:21:[m[K [01;31m[Kerror: [m[Kexpected â€˜[01m[K;[m[Kâ€™ before â€˜[01m[K}[m[Kâ€™ token
[1.052s]   167 |       mag_x -= 65536
[1.052s]       |                     [01;31m[K^[m[K
[1.052s]       |                     [32m[K;[m[K
[1.053s]   168 |   [32m[K}[m[K
[1.053s]       |   [32m[K~[m[K                  
[1.053s] [01m[K/home/stef/RCAP/mpu9250/lib/mpu9250sensor/src/mpu9250sensor.cpp:172:23:[m[K [01;31m[Kerror: [m[Kâ€˜[01m[Kmag_asax[m[Kâ€™ was not declared in this scope; did you mean â€˜[01m[Kmagn_asax[m[Kâ€™?
[1.053s]   172 |   return mag_x_conv * [01;31m[Kmag_asax[m[K * mag_x_scale_;
[1.053s]       |                       [01;31m[K^~~~~~~~[m[K
[1.054s]       |                       [32m[Kmagn_asax[m[K
[1.054s] [01m[K/home/stef/RCAP/mpu9250/lib/mpu9250sensor/src/mpu9250sensor.cpp:[m[K In member function â€˜[01m[Kdouble MPU9250Sensor::getMagneticFluxDensityY() const[m[Kâ€™:
[1.054s] [01m[K/home/stef/RCAP/mpu9250/lib/mpu9250sensor/src/mpu9250sensor.cpp:181:13:[m[K [01;35m[Kwarning: [m[Kcomparison is always false due to limited range of data type [[01;35m[K-Wtype-limits[m[K]
[1.054s]   181 |   if ([01;35m[Kmag_y > 32768[m[K)
[1.054s]       |       [01;35m[K~~~~~~^~~~~~~[m[K
[1.055s] [01m[K/home/stef/RCAP/mpu9250/lib/mpu9250sensor/src/mpu9250sensor.cpp:183:21:[m[K [01;31m[Kerror: [m[Kexpected â€˜[01m[K;[m[Kâ€™ before â€˜[01m[K}[m[Kâ€™ token
[1.055s]   183 |       mag_y -= 65536
[1.055s]       |                     [01;31m[K^[m[K
[1.055s]       |                     [32m[K;[m[K
[1.055s]   184 |   [32m[K}[m[K
[1.055s]       |   [32m[K~[m[K                  
[1.056s] [01m[K/home/stef/RCAP/mpu9250/lib/mpu9250sensor/src/mpu9250sensor.cpp:188:23:[m[K [01;31m[Kerror: [m[Kâ€˜[01m[Kmag_asay[m[Kâ€™ was not declared in this scope; did you mean â€˜[01m[Kmagn_asay[m[Kâ€™?
[1.056s]   188 |   return mag_y_conv * [01;31m[Kmag_asay[m[K * mag_y_scale_;
[1.056s]       |                       [01;31m[K^~~~~~~~[m[K
[1.056s]       |                       [32m[Kmagn_asay[m[K
[1.056s] [01m[K/home/stef/RCAP/mpu9250/lib/mpu9250sensor/src/mpu9250sensor.cpp:[m[K In member function â€˜[01m[Kdouble MPU9250Sensor::getMagneticFluxDensityZ() const[m[Kâ€™:
[1.057s] [01m[K/home/stef/RCAP/mpu9250/lib/mpu9250sensor/src/mpu9250sensor.cpp:197:13:[m[K [01;35m[Kwarning: [m[Kcomparison is always false due to limited range of data type [[01;35m[K-Wtype-limits[m[K]
[1.057s]   197 |   if ([01;35m[Kmag_z > 32768[m[K)
[1.057s]       |       [01;35m[K~~~~~~^~~~~~~[m[K
[1.057s] [01m[K/home/stef/RCAP/mpu9250/lib/mpu9250sensor/src/mpu9250sensor.cpp:199:21:[m[K [01;31m[Kerror: [m[Kexpected â€˜[01m[K;[m[Kâ€™ before â€˜[01m[K}[m[Kâ€™ token
[1.057s]   199 |       mag_z -= 65536
[1.058s]       |                     [01;31m[K^[m[K
[1.058s]       |                     [32m[K;[m[K
[1.058s]   200 |   [32m[K}[m[K
[1.058s]       |   [32m[K~[m[K                  
[1.058s] [01m[K/home/stef/RCAP/mpu9250/lib/mpu9250sensor/src/mpu9250sensor.cpp:204:23:[m[K [01;31m[Kerror: [m[Kâ€˜[01m[Kmag_asaz[m[Kâ€™ was not declared in this scope; did you mean â€˜[01m[Kmagn_asaz[m[Kâ€™?
[1.059s]   204 |   return mag_z_conv * [01;31m[Kmag_asaz[m[K * mag_z_scale_;
[1.059s]       |                       [01;31m[K^~~~~~~~[m[K
[1.059s]       |                       [32m[Kmagn_asaz[m[K
[1.059s] [01m[K/home/stef/RCAP/mpu9250/lib/mpu9250sensor/src/mpu9250sensor.cpp:[m[K In member function â€˜[01m[Kvoid MPU9250Sensor::triggerNextMagReading() const[m[Kâ€™:
[1.060s] [01m[K/home/stef/RCAP/mpu9250/lib/mpu9250sensor/src/mpu9250sensor.cpp:210:10:[m[K [01;35m[Kwarning: [m[Kunused variable â€˜[01m[Kstatus2[m[Kâ€™ [[01;35m[K-Wunused-variable[m[K]
[1.060s]   210 |   int8_t [01;35m[Kstatus2[m[K = i2cBus_->read(STATUS_2);
[1.060s]       |          [01;35m[K^~~~~~~[m[K
[1.170s] make[2]: *** [lib/mpu9250sensor/CMakeFiles/mpu9250sensor.dir/build.make:63: lib/mpu9250sensor/CMakeFiles/mpu9250sensor.dir/src/mpu9250sensor.cpp.o] Error 1
[1.171s] make[1]: *** [CMakeFiles/Makefile2:246: lib/mpu9250sensor/CMakeFiles/mpu9250sensor.dir/all] Error 2
[1.171s] make: *** [Makefile:141: all] Error 2
[1.178s] Invoked command in '/home/stef/RCAP/mpu9250/build/mpu9250driver' returned '2': CMAKE_PREFIX_PATH=${CMAKE_PREFIX_PATH}:/opt/ros/galactic /usr/bin/cmake --build /home/stef/RCAP/mpu9250/build/mpu9250driver -- -j4 -l4
