[0.025s] Invoking command in '/home/stef/RCAP/mpu9250/build/mpu9250driver': CMAKE_PREFIX_PATH=${CMAKE_PREFIX_PATH}:/opt/ros/galactic /usr/bin/cmake --build /home/stef/RCAP/mpu9250/build/mpu9250driver -- -j4 -l4
[0.121s] [35m[1mScanning dependencies of target mpu9250sensor[0m
[0.141s] [ 33%] Built target linux_i2c_communicator
[0.150s] [ 50%] [32mBuilding CXX object lib/mpu9250sensor/CMakeFiles/mpu9250sensor.dir/src/mpu9250sensor.cpp.o[0m
[1.033s] [01m[K/home/stef/RCAP/mpu9250/lib/mpu9250sensor/src/mpu9250sensor.cpp:[m[K In constructor â€˜[01m[KMPU9250Sensor::MPU9250Sensor(std::unique_ptr<I2cCommunicator>)[m[Kâ€™:
[1.033s] [01m[K/home/stef/RCAP/mpu9250/lib/mpu9250sensor/src/mpu9250sensor.cpp:16:7:[m[K [01;35m[Kwarning: [m[Kvariable â€˜[01m[Kresult[m[Kâ€™ set but not used [[01;35m[K-Wunused-but-set-variable[m[K]
[1.034s]    16 |   int [01;35m[Kresult[m[K = i2cBus_->write(PWR_MGMT_1, 0);
[1.034s]       |       [01;35m[K^~~~~~[m[K
[1.036s] [01m[K/home/stef/RCAP/mpu9250/lib/mpu9250sensor/src/mpu9250sensor.cpp:[m[K In member function â€˜[01m[Kdouble MPU9250Sensor::getAccelerationX() const[m[Kâ€™:
[1.037s] [01m[K/home/stef/RCAP/mpu9250/lib/mpu9250sensor/src/mpu9250sensor.cpp:74:15:[m[K [01;35m[Kwarning: [m[Kcomparison is always false due to limited range of data type [[01;35m[K-Wtype-limits[m[K]
[1.037s]    74 |   if ([01;35m[Kaccel_x > 32768[m[K)
[1.037s]       |       [01;35m[K~~~~~~~~^~~~~~~[m[K
[1.038s] [01m[K/home/stef/RCAP/mpu9250/lib/mpu9250sensor/src/mpu9250sensor.cpp:76:23:[m[K [01;31m[Kerror: [m[Kexpected â€˜[01m[K;[m[Kâ€™ before â€˜[01m[K}[m[Kâ€™ token
[1.038s]    76 |       accel_x -= 65536
[1.039s]       |                       [01;31m[K^[m[K
[1.039s]       |                       [32m[K;[m[K
[1.039s]    77 |   [32m[K}[m[K
[1.039s]       |   [32m[K~[m[K                    
[1.039s] [01m[K/home/stef/RCAP/mpu9250/lib/mpu9250sensor/src/mpu9250sensor.cpp:[m[K In member function â€˜[01m[Kdouble MPU9250Sensor::getAccelerationY() const[m[Kâ€™:
[1.040s] [01m[K/home/stef/RCAP/mpu9250/lib/mpu9250sensor/src/mpu9250sensor.cpp:89:15:[m[K [01;35m[Kwarning: [m[Kcomparison is always false due to limited range of data type [[01;35m[K-Wtype-limits[m[K]
[1.040s]    89 |   if ([01;35m[Kaccel_y > 32768[m[K)
[1.040s]       |       [01;35m[K~~~~~~~~^~~~~~~[m[K
[1.040s] [01m[K/home/stef/RCAP/mpu9250/lib/mpu9250sensor/src/mpu9250sensor.cpp:91:23:[m[K [01;31m[Kerror: [m[Kexpected â€˜[01m[K;[m[Kâ€™ before â€˜[01m[K}[m[Kâ€™ token
[1.040s]    91 |       accel_y -= 65536
[1.041s]       |                       [01;31m[K^[m[K
[1.041s]       |                       [32m[K;[m[K
[1.041s]    92 |   [32m[K}[m[K
[1.041s]       |   [32m[K~[m[K                    
[1.042s] [01m[K/home/stef/RCAP/mpu9250/lib/mpu9250sensor/src/mpu9250sensor.cpp:[m[K In member function â€˜[01m[Kdouble MPU9250Sensor::getAccelerationZ() const[m[Kâ€™:
[1.042s] [01m[K/home/stef/RCAP/mpu9250/lib/mpu9250sensor/src/mpu9250sensor.cpp:104:15:[m[K [01;35m[Kwarning: [m[Kcomparison is always false due to limited range of data type [[01;35m[K-Wtype-limits[m[K]
[1.042s]   104 |   if ([01;35m[Kaccel_z > 32768[m[K)
[1.043s]       |       [01;35m[K~~~~~~~~^~~~~~~[m[K
[1.043s] [01m[K/home/stef/RCAP/mpu9250/lib/mpu9250sensor/src/mpu9250sensor.cpp:106:23:[m[K [01;31m[Kerror: [m[Kexpected â€˜[01m[K;[m[Kâ€™ before â€˜[01m[K}[m[Kâ€™ token
[1.043s]   106 |       accel_z -= 65536
[1.043s]       |                       [01;31m[K^[m[K
[1.044s]       |                       [32m[K;[m[K
[1.044s]   107 |   [32m[K}[m[K
[1.044s]       |   [32m[K~[m[K                    
[1.044s] [01m[K/home/stef/RCAP/mpu9250/lib/mpu9250sensor/src/mpu9250sensor.cpp:[m[K In member function â€˜[01m[Kdouble MPU9250Sensor::getAngularVelocityX() const[m[Kâ€™:
[1.044s] [01m[K/home/stef/RCAP/mpu9250/lib/mpu9250sensor/src/mpu9250sensor.cpp:119:14:[m[K [01;35m[Kwarning: [m[Kcomparison is always false due to limited range of data type [[01;35m[K-Wtype-limits[m[K]
[1.045s]   119 |   if ([01;35m[Kgyro_x > 32768[m[K)
[1.045s]       |       [01;35m[K~~~~~~~^~~~~~~[m[K
[1.045s] [01m[K/home/stef/RCAP/mpu9250/lib/mpu9250sensor/src/mpu9250sensor.cpp:121:22:[m[K [01;31m[Kerror: [m[Kexpected â€˜[01m[K;[m[Kâ€™ before â€˜[01m[K}[m[Kâ€™ token
[1.046s]   121 |       gyro_x -= 65536
[1.046s]       |                      [01;31m[K^[m[K
[1.046s]       |                      [32m[K;[m[K
[1.046s]   122 |   [32m[K}[m[K
[1.047s]       |   [32m[K~[m[K                   
[1.047s] [01m[K/home/stef/RCAP/mpu9250/lib/mpu9250sensor/src/mpu9250sensor.cpp:[m[K In member function â€˜[01m[Kdouble MPU9250Sensor::getAngularVelocityY() const[m[Kâ€™:
[1.048s] [01m[K/home/stef/RCAP/mpu9250/lib/mpu9250sensor/src/mpu9250sensor.cpp:134:14:[m[K [01;35m[Kwarning: [m[Kcomparison is always false due to limited range of data type [[01;35m[K-Wtype-limits[m[K]
[1.048s]   134 |   if ([01;35m[Kgyro_y > 32768[m[K)
[1.048s]       |       [01;35m[K~~~~~~~^~~~~~~[m[K
[1.048s] [01m[K/home/stef/RCAP/mpu9250/lib/mpu9250sensor/src/mpu9250sensor.cpp:136:22:[m[K [01;31m[Kerror: [m[Kexpected â€˜[01m[K;[m[Kâ€™ before â€˜[01m[K}[m[Kâ€™ token
[1.048s]   136 |       gyro_y -= 65536
[1.049s]       |                      [01;31m[K^[m[K
[1.049s]       |                      [32m[K;[m[K
[1.049s]   137 |   [32m[K}[m[K
[1.049s]       |   [32m[K~[m[K                   
[1.050s] [01m[K/home/stef/RCAP/mpu9250/lib/mpu9250sensor/src/mpu9250sensor.cpp:[m[K In member function â€˜[01m[Kdouble MPU9250Sensor::getAngularVelocityZ() const[m[Kâ€™:
[1.050s] [01m[K/home/stef/RCAP/mpu9250/lib/mpu9250sensor/src/mpu9250sensor.cpp:149:14:[m[K [01;35m[Kwarning: [m[Kcomparison is always false due to limited range of data type [[01;35m[K-Wtype-limits[m[K]
[1.050s]   149 |   if ([01;35m[Kgyro_z > 32768[m[K)
[1.050s]       |       [01;35m[K~~~~~~~^~~~~~~[m[K
[1.050s] [01m[K/home/stef/RCAP/mpu9250/lib/mpu9250sensor/src/mpu9250sensor.cpp:151:22:[m[K [01;31m[Kerror: [m[Kexpected â€˜[01m[K;[m[Kâ€™ before â€˜[01m[K}[m[Kâ€™ token
[1.051s]   151 |       gyro_z -= 65536
[1.051s]       |                      [01;31m[K^[m[K
[1.051s]       |                      [32m[K;[m[K
[1.051s]   152 |   [32m[K}[m[K
[1.052s]       |   [32m[K~[m[K                   
[1.052s] [01m[K/home/stef/RCAP/mpu9250/lib/mpu9250sensor/src/mpu9250sensor.cpp:[m[K In member function â€˜[01m[Kdouble MPU9250Sensor::getMagneticFluxDensityX() const[m[Kâ€™:
[1.052s] [01m[K/home/stef/RCAP/mpu9250/lib/mpu9250sensor/src/mpu9250sensor.cpp:165:13:[m[K [01;35m[Kwarning: [m[Kcomparison is always false due to limited range of data type [[01;35m[K-Wtype-limits[m[K]
[1.052s]   165 |   if ([01;35m[Kmag_x > 32768[m[K)
[1.052s]       |       [01;35m[K~~~~~~^~~~~~~[m[K
[1.053s] [01m[K/home/stef/RCAP/mpu9250/lib/mpu9250sensor/src/mpu9250sensor.cpp:167:21:[m[K [01;31m[Kerror: [m[Kexpected â€˜[01m[K;[m[Kâ€™ before â€˜[01m[K}[m[Kâ€™ token
[1.053s]   167 |       mag_x -= 65536
[1.053s]       |                     [01;31m[K^[m[K
[1.053s]       |                     [32m[K;[m[K
[1.053s]   168 |   [32m[K}[m[K
[1.054s]       |   [32m[K~[m[K                  
[1.059s] [01m[K/home/stef/RCAP/mpu9250/lib/mpu9250sensor/src/mpu9250sensor.cpp:[m[K In member function â€˜[01m[Kdouble MPU9250Sensor::getMagneticFluxDensityY() const[m[Kâ€™:
[1.060s] [01m[K/home/stef/RCAP/mpu9250/lib/mpu9250sensor/src/mpu9250sensor.cpp:181:13:[m[K [01;35m[Kwarning: [m[Kcomparison is always false due to limited range of data type [[01;35m[K-Wtype-limits[m[K]
[1.060s]   181 |   if ([01;35m[Kmag_y > 32768[m[K)
[1.060s]       |       [01;35m[K~~~~~~^~~~~~~[m[K
[1.060s] [01m[K/home/stef/RCAP/mpu9250/lib/mpu9250sensor/src/mpu9250sensor.cpp:183:21:[m[K [01;31m[Kerror: [m[Kexpected â€˜[01m[K;[m[Kâ€™ before â€˜[01m[K}[m[Kâ€™ token
[1.060s]   183 |       mag_y -= 65536
[1.061s]       |                     [01;31m[K^[m[K
[1.061s]       |                     [32m[K;[m[K
[1.061s]   184 |   [32m[K}[m[K
[1.061s]       |   [32m[K~[m[K                  
[1.061s] [01m[K/home/stef/RCAP/mpu9250/lib/mpu9250sensor/src/mpu9250sensor.cpp:[m[K In member function â€˜[01m[Kdouble MPU9250Sensor::getMagneticFluxDensityZ() const[m[Kâ€™:
[1.061s] [01m[K/home/stef/RCAP/mpu9250/lib/mpu9250sensor/src/mpu9250sensor.cpp:197:13:[m[K [01;35m[Kwarning: [m[Kcomparison is always false due to limited range of data type [[01;35m[K-Wtype-limits[m[K]
[1.062s]   197 |   if ([01;35m[Kmag_z > 32768[m[K)
[1.062s]       |       [01;35m[K~~~~~~^~~~~~~[m[K
[1.062s] [01m[K/home/stef/RCAP/mpu9250/lib/mpu9250sensor/src/mpu9250sensor.cpp:199:21:[m[K [01;31m[Kerror: [m[Kexpected â€˜[01m[K;[m[Kâ€™ before â€˜[01m[K}[m[Kâ€™ token
[1.062s]   199 |       mag_z -= 65536
[1.062s]       |                     [01;31m[K^[m[K
[1.062s]       |                     [32m[K;[m[K
[1.063s]   200 |   [32m[K}[m[K
[1.063s]       |   [32m[K~[m[K                  
[1.063s] [01m[K/home/stef/RCAP/mpu9250/lib/mpu9250sensor/src/mpu9250sensor.cpp:[m[K In member function â€˜[01m[Kvoid MPU9250Sensor::triggerNextMagReading() const[m[Kâ€™:
[1.063s] [01m[K/home/stef/RCAP/mpu9250/lib/mpu9250sensor/src/mpu9250sensor.cpp:210:10:[m[K [01;35m[Kwarning: [m[Kunused variable â€˜[01m[Kstatus2[m[Kâ€™ [[01;35m[K-Wunused-variable[m[K]
[1.063s]   210 |   int8_t [01;35m[Kstatus2[m[K = i2cBus_->read(STATUS_2);
[1.063s]       |          [01;35m[K^~~~~~~[m[K
[1.201s] make[2]: *** [lib/mpu9250sensor/CMakeFiles/mpu9250sensor.dir/build.make:63: lib/mpu9250sensor/CMakeFiles/mpu9250sensor.dir/src/mpu9250sensor.cpp.o] Error 1
[1.202s] make[1]: *** [CMakeFiles/Makefile2:246: lib/mpu9250sensor/CMakeFiles/mpu9250sensor.dir/all] Error 2
[1.203s] make: *** [Makefile:141: all] Error 2
[1.209s] Invoked command in '/home/stef/RCAP/mpu9250/build/mpu9250driver' returned '2': CMAKE_PREFIX_PATH=${CMAKE_PREFIX_PATH}:/opt/ros/galactic /usr/bin/cmake --build /home/stef/RCAP/mpu9250/build/mpu9250driver -- -j4 -l4
