[01m[K/home/stef/RCAP/mpu9250/lib/mpu9250sensor/src/mpu9250sensor.cpp:[m[K In constructor â€˜[01m[KMPU9250Sensor::MPU9250Sensor(std::unique_ptr<I2cCommunicator>)[m[Kâ€™:
[01m[K/home/stef/RCAP/mpu9250/lib/mpu9250sensor/src/mpu9250sensor.cpp:26:27:[m[K [01;31m[Kerror: [m[Kâ€˜[01m[KMAG_MEAS_MODE[m[Kâ€™ was not declared in this scope; did you mean â€˜[01m[KMAGN_MEAS_MODE[m[Kâ€™?
   26 |   result = i2cBus_->write([01;31m[KMAG_MEAS_MODE[m[K, 0x00);
      |                           [01;31m[K^~~~~~~~~~~~~[m[K
      |                           [32m[KMAGN_MEAS_MODE[m[K
[01m[K/home/stef/RCAP/mpu9250/lib/mpu9250sensor/src/mpu9250sensor.cpp:32:3:[m[K [01;31m[Kerror: [m[Kâ€˜[01m[Kmag_asax[m[Kâ€™ was not declared in this scope; did you mean â€˜[01m[Kmagn_asax[m[Kâ€™?
   32 |   [01;31m[Kmag_asax[m[K = (i2cBus_->read(0x10) - 128) * 0.5 / 128 + 1;
      |   [01;31m[K^~~~~~~~[m[K
      |   [32m[Kmagn_asax[m[K
[01m[K/home/stef/RCAP/mpu9250/lib/mpu9250sensor/src/mpu9250sensor.cpp:33:3:[m[K [01;31m[Kerror: [m[Kâ€˜[01m[Kmag_asay[m[Kâ€™ was not declared in this scope; did you mean â€˜[01m[Kmagn_asay[m[Kâ€™?
   33 |   [01;31m[Kmag_asay[m[K = (i2cBus_->read(0x11) - 128) * 0.5 / 128 + 1;
      |   [01;31m[K^~~~~~~~[m[K
      |   [32m[Kmagn_asay[m[K
[01m[K/home/stef/RCAP/mpu9250/lib/mpu9250sensor/src/mpu9250sensor.cpp:34:3:[m[K [01;31m[Kerror: [m[Kâ€˜[01m[Kmag_asaz[m[Kâ€™ was not declared in this scope; did you mean â€˜[01m[Kmagn_asaz[m[Kâ€™?
   34 |   [01;31m[Kmag_asaz[m[K = (i2cBus_->read(0x12) - 128) * 0.5 / 128 + 1;
      |   [01;31m[K^~~~~~~~[m[K
      |   [32m[Kmagn_asaz[m[K
[01m[K/home/stef/RCAP/mpu9250/lib/mpu9250sensor/src/mpu9250sensor.cpp:[m[K In member function â€˜[01m[Kdouble MPU9250Sensor::getAccelerationX() const[m[Kâ€™:
[01m[K/home/stef/RCAP/mpu9250/lib/mpu9250sensor/src/mpu9250sensor.cpp:74:15:[m[K [01;35m[Kwarning: [m[Kcomparison is always false due to limited range of data type [[01;35m[K-Wtype-limits[m[K]
   74 |   if ([01;35m[Kaccel_x > 32768[m[K)
      |       [01;35m[K~~~~~~~~^~~~~~~[m[K
[01m[K/home/stef/RCAP/mpu9250/lib/mpu9250sensor/src/mpu9250sensor.cpp:76:23:[m[K [01;31m[Kerror: [m[Kexpected â€˜[01m[K;[m[Kâ€™ before â€˜[01m[K}[m[Kâ€™ token
   76 |       accel_x -= 65536
      |                       [01;31m[K^[m[K
      |                       [32m[K;[m[K
   77 |   [32m[K}[m[K
      |   [32m[K~[m[K                    
[01m[K/home/stef/RCAP/mpu9250/lib/mpu9250sensor/src/mpu9250sensor.cpp:[m[K In member function â€˜[01m[Kdouble MPU9250Sensor::getAccelerationY() const[m[Kâ€™:
[01m[K/home/stef/RCAP/mpu9250/lib/mpu9250sensor/src/mpu9250sensor.cpp:89:15:[m[K [01;35m[Kwarning: [m[Kcomparison is always false due to limited range of data type [[01;35m[K-Wtype-limits[m[K]
   89 |   if ([01;35m[Kaccel_y > 32768[m[K)
      |       [01;35m[K~~~~~~~~^~~~~~~[m[K
[01m[K/home/stef/RCAP/mpu9250/lib/mpu9250sensor/src/mpu9250sensor.cpp:91:23:[m[K [01;31m[Kerror: [m[Kexpected â€˜[01m[K;[m[Kâ€™ before â€˜[01m[K}[m[Kâ€™ token
   91 |       accel_y -= 65536
      |                       [01;31m[K^[m[K
      |                       [32m[K;[m[K
   92 |   [32m[K}[m[K
      |   [32m[K~[m[K                    
[01m[K/home/stef/RCAP/mpu9250/lib/mpu9250sensor/src/mpu9250sensor.cpp:[m[K In member function â€˜[01m[Kdouble MPU9250Sensor::getAccelerationZ() const[m[Kâ€™:
[01m[K/home/stef/RCAP/mpu9250/lib/mpu9250sensor/src/mpu9250sensor.cpp:104:15:[m[K [01;35m[Kwarning: [m[Kcomparison is always false due to limited range of data type [[01;35m[K-Wtype-limits[m[K]
  104 |   if ([01;35m[Kaccel_z > 32768[m[K)
      |       [01;35m[K~~~~~~~~^~~~~~~[m[K
[01m[K/home/stef/RCAP/mpu9250/lib/mpu9250sensor/src/mpu9250sensor.cpp:106:23:[m[K [01;31m[Kerror: [m[Kexpected â€˜[01m[K;[m[Kâ€™ before â€˜[01m[K}[m[Kâ€™ token
  106 |       accel_z -= 65536
      |                       [01;31m[K^[m[K
      |                       [32m[K;[m[K
  107 |   [32m[K}[m[K
      |   [32m[K~[m[K                    
[01m[K/home/stef/RCAP/mpu9250/lib/mpu9250sensor/src/mpu9250sensor.cpp:[m[K In member function â€˜[01m[Kdouble MPU9250Sensor::getAngularVelocityX() const[m[Kâ€™:
[01m[K/home/stef/RCAP/mpu9250/lib/mpu9250sensor/src/mpu9250sensor.cpp:119:14:[m[K [01;35m[Kwarning: [m[Kcomparison is always false due to limited range of data type [[01;35m[K-Wtype-limits[m[K]
  119 |   if ([01;35m[Kgyro_x > 32768[m[K)
      |       [01;35m[K~~~~~~~^~~~~~~[m[K
[01m[K/home/stef/RCAP/mpu9250/lib/mpu9250sensor/src/mpu9250sensor.cpp:121:22:[m[K [01;31m[Kerror: [m[Kexpected â€˜[01m[K;[m[Kâ€™ before â€˜[01m[K}[m[Kâ€™ token
  121 |       gyro_x -= 65536
      |                      [01;31m[K^[m[K
      |                      [32m[K;[m[K
  122 |   [32m[K}[m[K
      |   [32m[K~[m[K                   
[01m[K/home/stef/RCAP/mpu9250/lib/mpu9250sensor/src/mpu9250sensor.cpp:[m[K In member function â€˜[01m[Kdouble MPU9250Sensor::getAngularVelocityY() const[m[Kâ€™:
[01m[K/home/stef/RCAP/mpu9250/lib/mpu9250sensor/src/mpu9250sensor.cpp:134:14:[m[K [01;35m[Kwarning: [m[Kcomparison is always false due to limited range of data type [[01;35m[K-Wtype-limits[m[K]
  134 |   if ([01;35m[Kgyro_y > 32768[m[K)
      |       [01;35m[K~~~~~~~^~~~~~~[m[K
[01m[K/home/stef/RCAP/mpu9250/lib/mpu9250sensor/src/mpu9250sensor.cpp:136:22:[m[K [01;31m[Kerror: [m[Kexpected â€˜[01m[K;[m[Kâ€™ before â€˜[01m[K}[m[Kâ€™ token
  136 |       gyro_y -= 65536
      |                      [01;31m[K^[m[K
      |                      [32m[K;[m[K
  137 |   [32m[K}[m[K
      |   [32m[K~[m[K                   
[01m[K/home/stef/RCAP/mpu9250/lib/mpu9250sensor/src/mpu9250sensor.cpp:[m[K In member function â€˜[01m[Kdouble MPU9250Sensor::getAngularVelocityZ() const[m[Kâ€™:
[01m[K/home/stef/RCAP/mpu9250/lib/mpu9250sensor/src/mpu9250sensor.cpp:149:14:[m[K [01;35m[Kwarning: [m[Kcomparison is always false due to limited range of data type [[01;35m[K-Wtype-limits[m[K]
  149 |   if ([01;35m[Kgyro_z > 32768[m[K)
      |       [01;35m[K~~~~~~~^~~~~~~[m[K
[01m[K/home/stef/RCAP/mpu9250/lib/mpu9250sensor/src/mpu9250sensor.cpp:151:22:[m[K [01;31m[Kerror: [m[Kexpected â€˜[01m[K;[m[Kâ€™ before â€˜[01m[K}[m[Kâ€™ token
  151 |       gyro_z -= 65536
      |                      [01;31m[K^[m[K
      |                      [32m[K;[m[K
  152 |   [32m[K}[m[K
      |   [32m[K~[m[K                   
[01m[K/home/stef/RCAP/mpu9250/lib/mpu9250sensor/src/mpu9250sensor.cpp:[m[K In member function â€˜[01m[Kdouble MPU9250Sensor::getMagneticFluxDensityX() const[m[Kâ€™:
[01m[K/home/stef/RCAP/mpu9250/lib/mpu9250sensor/src/mpu9250sensor.cpp:161:37:[m[K [01;31m[Kerror: [m[Kâ€˜[01m[KMAG_XOUT_L[m[Kâ€™ was not declared in this scope; did you mean â€˜[01m[KMAGN_XOUT_L[m[Kâ€™?
  161 |   int16_t mag_x_msb = i2cBus_->read([01;31m[KMAG_XOUT_L[m[K + 1);
      |                                     [01;31m[K^~~~~~~~~~[m[K
      |                                     [32m[KMAGN_XOUT_L[m[K
[01m[K/home/stef/RCAP/mpu9250/lib/mpu9250sensor/src/mpu9250sensor.cpp:165:13:[m[K [01;35m[Kwarning: [m[Kcomparison is always false due to limited range of data type [[01;35m[K-Wtype-limits[m[K]
  165 |   if ([01;35m[Kmag_x > 32768[m[K)
      |       [01;35m[K~~~~~~^~~~~~~[m[K
[01m[K/home/stef/RCAP/mpu9250/lib/mpu9250sensor/src/mpu9250sensor.cpp:167:21:[m[K [01;31m[Kerror: [m[Kexpected â€˜[01m[K;[m[Kâ€™ before â€˜[01m[K}[m[Kâ€™ token
  167 |       mag_x -= 65536
      |                     [01;31m[K^[m[K
      |                     [32m[K;[m[K
  168 |   [32m[K}[m[K
      |   [32m[K~[m[K                  
[01m[K/home/stef/RCAP/mpu9250/lib/mpu9250sensor/src/mpu9250sensor.cpp:169:58:[m[K [01;31m[Kerror: [m[Kâ€˜[01m[Kmax_x_offset_[m[Kâ€™ was not declared in this scope; did you mean â€˜[01m[Kmag_x_offset_[m[Kâ€™?
  169 |   double mag_x_conv = convertRawMagnetometerData(mag_x - [01;31m[Kmax_x_offset_[m[K);
      |                                                          [01;31m[K^~~~~~~~~~~~~[m[K
      |                                                          [32m[Kmag_x_offset_[m[K
[01m[K/home/stef/RCAP/mpu9250/lib/mpu9250sensor/src/mpu9250sensor.cpp:172:23:[m[K [01;31m[Kerror: [m[Kâ€˜[01m[Kmag_asax[m[Kâ€™ was not declared in this scope; did you mean â€˜[01m[Kmagn_asax[m[Kâ€™?
  172 |   return mag_x_conv * [01;31m[Kmag_asax[m[K * mag_x_scale_;
      |                       [01;31m[K^~~~~~~~[m[K
      |                       [32m[Kmagn_asax[m[K
[01m[K/home/stef/RCAP/mpu9250/lib/mpu9250sensor/src/mpu9250sensor.cpp:[m[K In member function â€˜[01m[Kdouble MPU9250Sensor::getMagneticFluxDensityY() const[m[Kâ€™:
[01m[K/home/stef/RCAP/mpu9250/lib/mpu9250sensor/src/mpu9250sensor.cpp:178:37:[m[K [01;31m[Kerror: [m[Kâ€˜[01m[KMAG_YOUT_L[m[Kâ€™ was not declared in this scope; did you mean â€˜[01m[KMAGN_YOUT_L[m[Kâ€™?
  178 |   int16_t mag_y_msb = i2cBus_->read([01;31m[KMAG_YOUT_L[m[K + 1);
      |                                     [01;31m[K^~~~~~~~~~[m[K
      |                                     [32m[KMAGN_YOUT_L[m[K
[01m[K/home/stef/RCAP/mpu9250/lib/mpu9250sensor/src/mpu9250sensor.cpp:181:13:[m[K [01;35m[Kwarning: [m[Kcomparison is always false due to limited range of data type [[01;35m[K-Wtype-limits[m[K]
  181 |   if ([01;35m[Kmag_y > 32768[m[K)
      |       [01;35m[K~~~~~~^~~~~~~[m[K
[01m[K/home/stef/RCAP/mpu9250/lib/mpu9250sensor/src/mpu9250sensor.cpp:183:21:[m[K [01;31m[Kerror: [m[Kexpected â€˜[01m[K;[m[Kâ€™ before â€˜[01m[K}[m[Kâ€™ token
  183 |       mag_y -= 65536
      |                     [01;31m[K^[m[K
      |                     [32m[K;[m[K
  184 |   [32m[K}[m[K
      |   [32m[K~[m[K                  
[01m[K/home/stef/RCAP/mpu9250/lib/mpu9250sensor/src/mpu9250sensor.cpp:185:58:[m[K [01;31m[Kerror: [m[Kâ€˜[01m[Kmax_y_offset_[m[Kâ€™ was not declared in this scope; did you mean â€˜[01m[Kmag_y_offset_[m[Kâ€™?
  185 |   double mag_y_conv = convertRawMagnetometerData(mag_y - [01;31m[Kmax_y_offset_[m[K);
      |                                                          [01;31m[K^~~~~~~~~~~~~[m[K
      |                                                          [32m[Kmag_y_offset_[m[K
[01m[K/home/stef/RCAP/mpu9250/lib/mpu9250sensor/src/mpu9250sensor.cpp:188:23:[m[K [01;31m[Kerror: [m[Kâ€˜[01m[Kmag_asay[m[Kâ€™ was not declared in this scope; did you mean â€˜[01m[Kmagn_asay[m[Kâ€™?
  188 |   return mag_y_conv * [01;31m[Kmag_asay[m[K * mag_y_scale_;
      |                       [01;31m[K^~~~~~~~[m[K
      |                       [32m[Kmagn_asay[m[K
[01m[K/home/stef/RCAP/mpu9250/lib/mpu9250sensor/src/mpu9250sensor.cpp:[m[K In member function â€˜[01m[Kdouble MPU9250Sensor::getMagneticFluxDensityZ() const[m[Kâ€™:
[01m[K/home/stef/RCAP/mpu9250/lib/mpu9250sensor/src/mpu9250sensor.cpp:194:37:[m[K [01;31m[Kerror: [m[Kâ€˜[01m[KMAG_ZOUT_L[m[Kâ€™ was not declared in this scope; did you mean â€˜[01m[KMAGN_ZOUT_L[m[Kâ€™?
  194 |   int16_t mag_z_msb = i2cBus_->read([01;31m[KMAG_ZOUT_L[m[K + 1);
      |                                     [01;31m[K^~~~~~~~~~[m[K
      |                                     [32m[KMAGN_ZOUT_L[m[K
[01m[K/home/stef/RCAP/mpu9250/lib/mpu9250sensor/src/mpu9250sensor.cpp:197:13:[m[K [01;35m[Kwarning: [m[Kcomparison is always false due to limited range of data type [[01;35m[K-Wtype-limits[m[K]
  197 |   if ([01;35m[Kmag_z > 32768[m[K)
      |       [01;35m[K~~~~~~^~~~~~~[m[K
[01m[K/home/stef/RCAP/mpu9250/lib/mpu9250sensor/src/mpu9250sensor.cpp:199:21:[m[K [01;31m[Kerror: [m[Kexpected â€˜[01m[K;[m[Kâ€™ before â€˜[01m[K}[m[Kâ€™ token
  199 |       mag_z -= 65536
      |                     [01;31m[K^[m[K
      |                     [32m[K;[m[K
  200 |   [32m[K}[m[K
      |   [32m[K~[m[K                  
[01m[K/home/stef/RCAP/mpu9250/lib/mpu9250sensor/src/mpu9250sensor.cpp:201:58:[m[K [01;31m[Kerror: [m[Kâ€˜[01m[Kmax_z_offset_[m[Kâ€™ was not declared in this scope; did you mean â€˜[01m[Kmag_z_offset_[m[Kâ€™?
  201 |   double mag_z_conv = convertRawMagnetometerData(mag_z - [01;31m[Kmax_z_offset_[m[K);
      |                                                          [01;31m[K^~~~~~~~~~~~~[m[K
      |                                                          [32m[Kmag_z_offset_[m[K
[01m[K/home/stef/RCAP/mpu9250/lib/mpu9250sensor/src/mpu9250sensor.cpp:204:23:[m[K [01;31m[Kerror: [m[Kâ€˜[01m[Kmag_asaz[m[Kâ€™ was not declared in this scope; did you mean â€˜[01m[Kmagn_asaz[m[Kâ€™?
  204 |   return mag_z_conv * [01;31m[Kmag_asaz[m[K * mag_z_scale_;
      |                       [01;31m[K^~~~~~~~[m[K
      |                       [32m[Kmagn_asaz[m[K
[01m[K/home/stef/RCAP/mpu9250/lib/mpu9250sensor/src/mpu9250sensor.cpp:[m[K In member function â€˜[01m[Kvoid MPU9250Sensor::triggerNextMagReading() const[m[Kâ€™:
[01m[K/home/stef/RCAP/mpu9250/lib/mpu9250sensor/src/mpu9250sensor.cpp:210:10:[m[K [01;35m[Kwarning: [m[Kunused variable â€˜[01m[Kstatus2[m[Kâ€™ [[01;35m[K-Wunused-variable[m[K]
  210 |   int8_t [01;35m[Kstatus2[m[K = i2cBus_->read(STATUS_2);
      |          [01;35m[K^~~~~~~[m[K
[01m[K/home/stef/RCAP/mpu9250/lib/mpu9250sensor/src/mpu9250sensor.cpp:[m[K In member function â€˜[01m[Kdouble MPU9250Sensor::convertRawMagnetometerData(int16_t) const[m[Kâ€™:
[01m[K/home/stef/RCAP/mpu9250/lib/mpu9250sensor/src/mpu9250sensor.cpp:223:65:[m[K [01;31m[Kerror: [m[Kâ€˜[01m[KMAX_CONV_mag_FLUX[m[Kâ€™ was not declared in this scope; did you mean â€˜[01m[KMAX_CONV_MAGN_FLUX[m[Kâ€™?
  223 |   const double mag_in_mu_tesla = static_cast<double>(mag_raw) * [01;31m[KMAX_CONV_mag_FLUX[m[K / MAX_RAW_MAG_FLUX;
      |                                                                 [01;31m[K^~~~~~~~~~~~~~~~~[m[K
      |                                                                 [32m[KMAX_CONV_MAGN_FLUX[m[K
[01m[K/home/stef/RCAP/mpu9250/lib/mpu9250sensor/src/mpu9250sensor.cpp:223:85:[m[K [01;31m[Kerror: [m[Kâ€˜[01m[KMAX_RAW_MAG_FLUX[m[Kâ€™ was not declared in this scope; did you mean â€˜[01m[KMAX_RAW_MAGN_FLUX[m[Kâ€™?
  223 |   const double mag_in_mu_tesla = static_cast<double>(mag_raw) * MAX_CONV_mag_FLUX / [01;31m[KMAX_RAW_MAG_FLUX[m[K;
      |                                                                                     [01;31m[K^~~~~~~~~~~~~~~~[m[K
      |                                                                                     [32m[KMAX_RAW_MAGN_FLUX[m[K
make[2]: *** [lib/mpu9250sensor/CMakeFiles/mpu9250sensor.dir/build.make:63: lib/mpu9250sensor/CMakeFiles/mpu9250sensor.dir/src/mpu9250sensor.cpp.o] Error 1
make[1]: *** [CMakeFiles/Makefile2:246: lib/mpu9250sensor/CMakeFiles/mpu9250sensor.dir/all] Error 2
make: *** [Makefile:141: all] Error 2
